<?xml version="1.0" encoding="UTF-8"?>
<!-- Generated by org.testng.reporters.JUnitReportReporter -->
<testsuite skipped="0" hostname="Ahmeds-MacBook-Air.local" name="Test01_GET" tests="5" failures="0" timestamp="2020-07-02T16:54:31 AST" time="6.759" errors="0">
  <testcase name="getPet" time="0.883" classname="Test01_GET"/>
  <system-out/>
  <testcase name="addPet" time="3.183" classname="Test01_GET"/>
  <system-out/>
  <testcase name="editPet" time="0.863" classname="Test01_GET"/>
  <system-out/>
  <testcase name="deletePet" time="0.944" classname="Test01_GET"/>
  <system-out/>
  <testcase name="findByStatus" time="0.886" classname="Test01_GET"/>
  <system-out/>
</testsuite> <!-- Test01_GET -->
